<?xml version="1.0" encoding="UTF-8"?>
<!-- Generated by org.testng.reporters.JUnitXMLReporter -->
<testsuite ignored="0" hostname="DESKTOP-JFT4AKU" failures="0" tests="2" name="Test-runner-1" time="50.657" errors="0" timestamp="2021-05-03T21:06:18 GMT-12:00">
  <testcase classname="com.comcast.crm.createcontact.Createcontact2" name="createContactorgTest" time="18.292"/>
  <testcase classname="com.comcast.crm.createcontact.Createcontact2" name="createContactradioTest" time="12.061"/>
</testsuite> <!-- Test-runner-1 -->
