<?xml version="1.0" encoding="UTF-8"?>
<!-- Generated by org.testng.reporters.JUnitReportReporter -->
<testsuite hostname="DESKTOP-JFT4AKU" failures="0" tests="1" name="Shwethamam.Clickallbox" time="24.557" errors="0" timestamp="2021-04-27T06:30:48 GMT-12:00" skipped="0">
  <testcase classname="Shwethamam.Clickallbox" name="clickbox" time="24.557"/>
  <system-out/>
</testsuite> <!-- Shwethamam.Clickallbox -->
