<?xml version="1.0" encoding="UTF-8"?>
<!-- Generated by org.testng.reporters.JUnitReportReporter -->
<testsuite hostname="DESKTOP-JFT4AKU" failures="0" tests="1" name="Shwethamam.TC_6_create_Contact_Test" time="23.975" errors="0" timestamp="2021-04-29T22:19:35 GMT-12:00" skipped="0">
  <testcase classname="Shwethamam.TC_6_create_Contact_Test" name="createContactTest" time="23.975"/>
  <system-out/>
</testsuite> <!-- Shwethamam.TC_6_create_Contact_Test -->
