<?xml version="1.0" encoding="UTF-8"?>
<!-- Generated by org.testng.reporters.JUnitReportReporter -->
<testsuite hostname="DESKTOP-JFT4AKU" failures="0" tests="1" name="Shwethamam.TC_7_create_Contact_Test" time="19.584" errors="0" timestamp="2021-05-03T06:44:37 GMT-12:00" skipped="0">
  <testcase classname="Shwethamam.TC_7_create_Contact_Test" name="createContactTest" time="19.584"/>
  <system-out/>
</testsuite> <!-- Shwethamam.TC_7_create_Contact_Test -->
