<?xml version="1.0" encoding="UTF-8"?>
<!-- Generated by org.testng.reporters.JUnitReportReporter -->
<testsuite hostname="DESKTOP-JFT4AKU" failures="0" tests="1" name="Shwethamam.Databaseutils" time="0.389" errors="0" timestamp="2021-04-26T05:59:38 GMT-12:00" skipped="0">
  <testcase classname="Shwethamam.Databaseutils" name="getExecuteQuery" time="0.389"/>
  <system-out/>
</testsuite> <!-- Shwethamam.Databaseutils -->
