<?xml version="1.0" encoding="UTF-8"?>
<!-- Generated by org.testng.reporters.JUnitReportReporter -->
<testsuite hostname="DESKTOP-JFT4AKU" failures="0" tests="1" name="Shwethamam.Updatequery" time="0.667" errors="0" timestamp="2021-04-26T05:57:41 GMT-12:00" skipped="0">
  <testcase classname="Shwethamam.Updatequery" name="getUpdateQuery" time="0.667"/>
  <system-out/>
</testsuite> <!-- Shwethamam.Updatequery -->
