<?xml version="1.0" encoding="UTF-8"?>
<!-- Generated by org.testng.reporters.JUnitReportReporter -->
<testsuite hostname="DESKTOP-JFT4AKU" failures="0" tests="1" name="practice.ddt.Parameters" time="0.011" errors="0" timestamp="2021-04-26T06:31:59 GMT-12:00" skipped="0">
  <testcase classname="practice.ddt.Parameters" name="createTest" time="0.011"/>
  <system-out/>
</testsuite> <!-- practice.ddt.Parameters -->
