<?xml version="1.0" encoding="UTF-8"?>
<!-- Generated by org.testng.reporters.JUnitReportReporter -->
<testsuite hostname="DESKTOP-JFT4AKU" failures="0" tests="1" name="com.comcast.crm.createcontact.TC_8_create_Contact_Test" time="24.893" errors="0" timestamp="2021-05-10T17:17:07 GMT-12:00" skipped="0">
  <testcase classname="com.comcast.crm.createcontact.TC_8_create_Contact_Test" name="createContactTest" time="24.893"/>
  <system-out/>
</testsuite> <!-- com.comcast.crm.createcontact.TC_8_create_Contact_Test -->
