<?xml version="1.0" encoding="UTF-8"?>
<!-- Generated by org.testng.reporters.JUnitReportReporter -->
<testsuite hostname="DESKTOP-JFT4AKU" failures="0" tests="1" name="Shwethamam.TC_9_create_Contact_Test" time="17.249" errors="0" timestamp="2021-05-03T06:39:24 GMT-12:00" skipped="0">
  <testcase classname="Shwethamam.TC_9_create_Contact_Test" name="createContactTest" time="17.249"/>
  <system-out/>
</testsuite> <!-- Shwethamam.TC_9_create_Contact_Test -->
