<?xml version="1.0" encoding="UTF-8"?>
<!-- Generated by org.testng.reporters.JUnitReportReporter -->
<testsuite hostname="DESKTOP-JFT4AKU" failures="0" tests="1" name="practice.ddt.CreateCustomerTest" time="0.010" errors="0" timestamp="2021-04-24T23:52:35 GMT-12:00" skipped="0">
  <testcase classname="practice.ddt.CreateCustomerTest" name="CreateCustomerTest" time="0.010"/>
  <system-out/>
</testsuite> <!-- practice.ddt.CreateCustomerTest -->
