<?xml version="1.0" encoding="UTF-8"?>
<!-- Generated by org.testng.reporters.JUnitReportReporter -->
<testsuite hostname="DESKTOP-JFT4AKU" failures="0" tests="1" name="Shwethamam.TC_8_create_Contact_Test" time="36.414" errors="0" timestamp="2021-05-06T06:51:12 GMT-12:00" skipped="0">
  <testcase classname="Shwethamam.TC_8_create_Contact_Test" name="createContactTest" time="36.414"/>
  <system-out/>
</testsuite> <!-- Shwethamam.TC_8_create_Contact_Test -->
