<?xml version="1.0" encoding="UTF-8"?>
<!-- Generated by org.testng.reporters.JUnitReportReporter -->
<testsuite hostname="DESKTOP-JFT4AKU" failures="0" tests="1" name="com.comcast.crm.createcontact.TC_6_create_Contact_Test" time="27.600" errors="0" timestamp="2021-05-03T18:34:34 GMT-12:00" skipped="0">
  <testcase classname="com.comcast.crm.createcontact.TC_6_create_Contact_Test" name="createContactTest" time="27.600"/>
  <system-out/>
</testsuite> <!-- com.comcast.crm.createcontact.TC_6_create_Contact_Test -->
