<?xml version="1.0" encoding="UTF-8"?>
<!-- Generated by org.testng.reporters.JUnitReportReporter -->
<testsuite hostname="DESKTOP-JFT4AKU" failures="0" tests="2" name="com.comcast.crm.createcontact.Createcontact3" time="39.933" errors="0" timestamp="2021-05-10T17:19:25 GMT-12:00" skipped="0">
  <testcase classname="com.comcast.crm.createcontact.Createcontact3" name="createContactradioTest" time="19.814"/>
  <system-out/>
  <testcase classname="com.comcast.crm.createcontact.Createcontact3" name="createContactradiooTest" time="20.119"/>
  <system-out/>
</testsuite> <!-- com.comcast.crm.createcontact.Createcontact3 -->
