<?xml version="1.0" encoding="UTF-8"?>
<!-- Generated by org.testng.reporters.JUnitReportReporter -->
<testsuite hostname="DESKTOP-JFT4AKU" failures="0" tests="1" name="Shwethamam.Clicklastcheckbox" time="16.214" errors="0" timestamp="2021-04-27T06:31:20 GMT-12:00" skipped="0">
  <testcase classname="Shwethamam.Clicklastcheckbox" name="clicklastbox" time="16.214"/>
  <system-out/>
</testsuite> <!-- Shwethamam.Clicklastcheckbox -->
