<?xml version="1.0" encoding="UTF-8"?>
<!-- Generated by org.testng.reporters.JUnitReportReporter -->
<testsuite hostname="DESKTOP-JFT4AKU" failures="0" tests="1" name="com.comcast.crm.createcontact.TC_10_create_Contact_Test" time="18.782" errors="0" timestamp="2021-05-07T04:55:51 GMT-12:00" skipped="0">
  <testcase classname="com.comcast.crm.createcontact.TC_10_create_Contact_Test" name="createContactTest" time="18.782"/>
  <system-out/>
</testsuite> <!-- com.comcast.crm.createcontact.TC_10_create_Contact_Test -->
